0 info it worked if it ends with ok
1 verbose cli [ '/home/mys/.nvm/versions/node/v6.4.0/bin/node',
1 verbose cli   '/home/mys/.nvm/versions/node/v6.4.0/bin/npm',
1 verbose cli   'run',
1 verbose cli   'server' ]
2 info using npm@3.10.3
3 info using node@v6.4.0
4 verbose run-script [ 'preserver', 'server', 'postserver' ]
5 info lifecycle angular-graphql@0.0.0~preserver: angular-graphql@0.0.0
6 verbose lifecycle angular-graphql@0.0.0~preserver: unsafe-perm in lifecycle true
7 verbose lifecycle angular-graphql@0.0.0~preserver: PATH: /home/mys/.nvm/versions/node/v6.4.0/lib/node_modules/npm/bin/node-gyp-bin:/home/mys/Repozytoria/angular-graphql-berlin/node_modules/.bin:/home/mys/.nvm/versions/node/v6.4.0/bin:/home/mys/.rbenv/plugins/ruby-build/bin:/home/mys/.rbenv/shims:/home/mys/.rbenv/bin:/home/mys/.nvm/versions/node/v6.4.0/bin:/usr/local/sbin:/usr/local/bin:/usr/sbin:/usr/bin:/sbin:/bin:/usr/games:/usr/local/games:/snap/bin:/usr/lib/jvm/java-8-oracle/bin:/usr/lib/jvm/java-8-oracle/db/bin:/usr/lib/jvm/java-8-oracle/jre/bin:~/Android/Sdk/tools:~/Android/Sdk/platform-tools:/home/mys/Android/Sdk/tools:/home/mys/Android/Sdk/platform-tools
8 verbose lifecycle angular-graphql@0.0.0~preserver: CWD: /home/mys/Repozytoria/angular-graphql-berlin
9 silly lifecycle angular-graphql@0.0.0~preserver: Args: [ '-c', 'tsc -p api/tsconfig.json' ]
10 silly lifecycle angular-graphql@0.0.0~preserver: Returned: code: 2  signal: null
11 info lifecycle angular-graphql@0.0.0~preserver: Failed to exec preserver script
12 verbose stack Error: angular-graphql@0.0.0 preserver: `tsc -p api/tsconfig.json`
12 verbose stack Exit status 2
12 verbose stack     at EventEmitter.<anonymous> (/home/mys/.nvm/versions/node/v6.4.0/lib/node_modules/npm/lib/utils/lifecycle.js:242:16)
12 verbose stack     at emitTwo (events.js:106:13)
12 verbose stack     at EventEmitter.emit (events.js:191:7)
12 verbose stack     at ChildProcess.<anonymous> (/home/mys/.nvm/versions/node/v6.4.0/lib/node_modules/npm/lib/utils/spawn.js:40:14)
12 verbose stack     at emitTwo (events.js:106:13)
12 verbose stack     at ChildProcess.emit (events.js:191:7)
12 verbose stack     at maybeClose (internal/child_process.js:852:16)
12 verbose stack     at Process.ChildProcess._handle.onexit (internal/child_process.js:215:5)
13 verbose pkgid angular-graphql@0.0.0
14 verbose cwd /home/mys/Repozytoria/angular-graphql-berlin
15 error Linux 4.4.0-45-generic
16 error argv "/home/mys/.nvm/versions/node/v6.4.0/bin/node" "/home/mys/.nvm/versions/node/v6.4.0/bin/npm" "run" "server"
17 error node v6.4.0
18 error npm  v3.10.3
19 error code ELIFECYCLE
20 error angular-graphql@0.0.0 preserver: `tsc -p api/tsconfig.json`
20 error Exit status 2
21 error Failed at the angular-graphql@0.0.0 preserver script 'tsc -p api/tsconfig.json'.
21 error Make sure you have the latest version of node.js and npm installed.
21 error If you do, this is most likely a problem with the angular-graphql package,
21 error not with npm itself.
21 error Tell the author that this fails on your system:
21 error     tsc -p api/tsconfig.json
21 error You can get information on how to open an issue for this project with:
21 error     npm bugs angular-graphql
21 error Or if that isn't available, you can get their info via:
21 error     npm owner ls angular-graphql
21 error There is likely additional logging output above.
22 verbose exit [ 1, true ]
